# JRE version: Java(TM) SE Runtime Environment (14.0.2+12) (build 14.0.2+12-46)
# Java VM: Java HotSpot(TM) 64-Bit Server VM (14.0.2+12-46, mixed mode, sharing, tiered, compressed oops, g1 gc, windows-amd64)
Heap:
 garbage-first heap   total 261120K, used 153113K [0x0000000080000000, 0x0000000100000000)
  region size 1024K, 25 young (25600K), 2 survivors (2048K)
 Metaspace       used 77728K, capacity 79606K, committed 79868K, reserved 1118208K
  class space    used 10395K, capacity 11080K, committed 11136K, reserved 1048576K
GC Heap History (20 events):
Event: 205.673 GC heap before
{Heap before GC invocations=43 (full 0):
 garbage-first heap   total 141312K, used 79772K [0x0000000080000000, 0x0000000100000000)
  region size 1024K, 15 young (15360K), 6 survivors (6144K)
 Metaspace       used 70016K, capacity 71762K, committed 71932K, reserved 1112064K
  class space    used 9393K, capacity 10034K, committed 10112K, reserved 1048576K
}
Event: 205.680 GC heap after
{Heap after GC invocations=44 (full 0):
 garbage-first heap   total 141312K, used 71912K [0x0000000080000000, 0x0000000100000000)
  region size 1024K, 1 young (1024K), 1 survivors (1024K)
 Metaspace       used 70016K, capacity 71762K, committed 71932K, reserved 1112064K
  class space    used 9393K, capacity 10034K, committed 10112K, reserved 1048576K
}
Event: 206.648 GC heap before
{Heap before GC invocations=45 (full 0):
 garbage-first heap   total 141312K, used 115944K [0x0000000080000000, 0x0000000100000000)
  region size 1024K, 44 young (45056K), 1 survivors (1024K)
 Metaspace       used 70172K, capacity 71993K, committed 72188K, reserved 1112064K
  class space    used 9401K, capacity 10039K, committed 10112K, reserved 1048576K
}
Event: 206.659 GC heap after
{Heap after GC invocations=46 (full 0):
 garbage-first heap   total 141312K, used 74587K [0x0000000080000000, 0x0000000100000000)
  region size 1024K, 4 young (4096K), 4 survivors (4096K)
 Metaspace       used 70172K, capacity 71993K, committed 72188K, reserved 1112064K
  class space    used 9401K, capacity 10039K, committed 10112K, reserved 1048576K
}
Event: 208.500 GC heap before
{Heap before GC invocations=46 (full 0):
 garbage-first heap   total 141312K, used 115547K [0x0000000080000000, 0x0000000100000000)
  region size 1024K, 45 young (46080K), 4 survivors (4096K)
 Metaspace       used 72182K, capacity 74079K, committed 74236K, reserved 1114112K
  class space    used 9641K, capacity 10337K, committed 10368K, reserved 1048576K
}
Event: 208.507 GC heap after
{Heap after GC invocations=47 (full 0):
 garbage-first heap   total 141312K, used 75384K [0x0000000080000000, 0x0000000100000000)
  region size 1024K, 4 young (4096K), 4 survivors (4096K)
 Metaspace       used 72182K, capacity 74079K, committed 74236K, reserved 1114112K
  class space    used 9641K, capacity 10337K, committed 10368K, reserved 1048576K
}
Event: 210.714 GC heap before
{Heap before GC invocations=48 (full 0):
 garbage-first heap   total 141312K, used 116344K [0x0000000080000000, 0x0000000100000000)
  region size 1024K, 45 young (46080K), 4 survivors (4096K)
 Metaspace       used 74964K, capacity 76806K, committed 77180K, reserved 1116160K
  class space    used 9996K, capacity 10667K, committed 10752K, reserved 1048576K
}
Event: 210.734 GC heap after
{Heap after GC invocations=49 (full 0):
 garbage-first heap   total 141312K, used 77943K [0x0000000080000000, 0x0000000100000000)
  region size 1024K, 4 young (4096K), 4 survivors (4096K)
 Metaspace       used 74964K, capacity 76806K, committed 77180K, reserved 1116160K
  class space    used 9996K, capacity 10667K, committed 10752K, reserved 1048576K
}
Event: 211.848 GC heap before
{Heap before GC invocations=49 (full 0):
 garbage-first heap   total 141312K, used 117879K [0x0000000080000000, 0x0000000100000000)
  region size 1024K, 44 young (45056K), 4 survivors (4096K)
 Metaspace       used 75087K, capacity 76951K, committed 77180K, reserved 1116160K
  class space    used 10016K, capacity 10673K, committed 10752K, reserved 1048576K
}
Event: 211.858 GC heap after
{Heap after GC invocations=50 (full 0):
 garbage-first heap   total 141312K, used 80357K [0x0000000080000000, 0x0000000100000000)
  region size 1024K, 5 young (5120K), 5 survivors (5120K)
 Metaspace       used 75087K, capacity 76951K, committed 77180K, reserved 1116160K
  class space    used 10016K, capacity 10673K, committed 10752K, reserved 1048576K
}
Event: 213.143 GC heap before
{Heap before GC invocations=51 (full 0):
 garbage-first heap   total 145408K, used 117221K [0x0000000080000000, 0x0000000100000000)
  region size 1024K, 42 young (43008K), 5 survivors (5120K)
 Metaspace       used 75373K, capacity 77257K, committed 77564K, reserved 1116160K
  class space    used 10054K, capacity 10748K, committed 10880K, reserved 1048576K
}
Event: 213.154 GC heap after
{Heap after GC invocations=52 (full 0):
 garbage-first heap   total 145408K, used 82701K [0x0000000080000000, 0x0000000100000000)
  region size 1024K, 5 young (5120K), 5 survivors (5120K)
 Metaspace       used 75373K, capacity 77257K, committed 77564K, reserved 1116160K
  class space    used 10054K, capacity 10748K, committed 10880K, reserved 1048576K
}
Event: 213.581 GC heap before
{Heap before GC invocations=52 (full 0):
 garbage-first heap   total 145408K, used 93965K [0x0000000080000000, 0x0000000100000000)
  region size 1024K, 18 young (18432K), 5 survivors (5120K)
 Metaspace       used 75907K, capacity 77784K, committed 78076K, reserved 1116160K
  class space    used 10138K, capacity 10817K, committed 10880K, reserved 1048576K
}
Event: 213.589 GC heap after
{Heap after GC invocations=53 (full 0):
 garbage-first heap   total 145408K, used 84658K [0x0000000080000000, 0x0000000100000000)
  region size 1024K, 5 young (5120K), 5 survivors (5120K)
 Metaspace       used 75907K, capacity 77784K, committed 78076K, reserved 1116160K
  class space    used 10138K, capacity 10817K, committed 10880K, reserved 1048576K
}
Event: 214.084 GC heap before
{Heap before GC invocations=54 (full 0):
 garbage-first heap   total 163840K, used 115378K [0x0000000080000000, 0x0000000100000000)
  region size 1024K, 26 young (26624K), 5 survivors (5120K)
 Metaspace       used 75932K, capacity 77793K, committed 78076K, reserved 1116160K
  class space    used 10142K, capacity 10820K, committed 10880K, reserved 1048576K
}
Event: 214.093 GC heap after
{Heap after GC invocations=55 (full 0):
 garbage-first heap   total 163840K, used 100420K [0x0000000080000000, 0x0000000100000000)
  region size 1024K, 5 young (5120K), 5 survivors (5120K)
 Metaspace       used 75932K, capacity 77793K, committed 78076K, reserved 1116160K
  class space    used 10142K, capacity 10820K, committed 10880K, reserved 1048576K
}
Event: 216.036 GC heap before
{Heap before GC invocations=56 (full 0):
 garbage-first heap   total 176128K, used 133188K [0x0000000080000000, 0x0000000100000000)
  region size 1024K, 37 young (37888K), 5 survivors (5120K)
 Metaspace       used 77456K, capacity 79375K, committed 79612K, reserved 1118208K
  class space    used 10359K, capacity 11046K, committed 11136K, reserved 1048576K
}
Event: 216.045 GC heap after
{Heap after GC invocations=57 (full 0):
 garbage-first heap   total 176128K, used 104934K [0x0000000080000000, 0x0000000100000000)
  region size 1024K, 4 young (4096K), 4 survivors (4096K)
 Metaspace       used 77456K, capacity 79375K, committed 79612K, reserved 1118208K
  class space    used 10359K, capacity 11046K, committed 11136K, reserved 1048576K
}
Event: 216.048 GC heap before
{Heap before GC invocations=57 (full 0):
 garbage-first heap   total 176128K, used 106982K [0x0000000080000000, 0x0000000100000000)
  region size 1024K, 8 young (8192K), 4 survivors (4096K)
 Metaspace       used 77458K, capacity 79375K, committed 79612K, reserved 1118208K
  class space    used 10359K, capacity 11046K, committed 11136K, reserved 1048576K
}
Event: 216.053 GC heap after
{Heap after GC invocations=58 (full 0):
 garbage-first heap   total 176128K, used 107033K [0x0000000080000000, 0x0000000100000000)
  region size 1024K, 2 young (2048K), 2 survivors (2048K)
 Metaspace       used 77458K, capacity 79375K, committed 79612K, reserved 1118208K
  class space    used 10359K, capacity 11046K, committed 11136K, reserved 1048576K
}

