# JRE version: Java(TM) SE Runtime Environment (14.0.2+12) (build 14.0.2+12-46)
# Java VM: Java HotSpot(TM) 64-Bit Server VM (14.0.2+12-46, mixed mode, sharing, tiered, compressed oops, g1 gc, windows-amd64)
Heap:
 garbage-first heap   total 147456K, used 72580K [0x0000000080000000, 0x0000000100000000)
  region size 1024K, 3 young (3072K), 3 survivors (3072K)
 Metaspace       used 69260K, capacity 70977K, committed 71036K, reserved 1110016K
  class space    used 9320K, capacity 9959K, committed 9984K, reserved 1048576K
GC Heap History (20 events):
Event: 17.478 GC heap after
{Heap after GC invocations=25 (full 0):
 garbage-first heap   total 86016K, used 50677K [0x0000000080000000, 0x0000000100000000)
  region size 1024K, 3 young (3072K), 3 survivors (3072K)
 Metaspace       used 47936K, capacity 49217K, committed 49276K, reserved 1091584K
  class space    used 6443K, capacity 6876K, committed 6912K, reserved 1048576K
}
Event: 18.373 GC heap before
{Heap before GC invocations=26 (full 0):
 garbage-first heap   total 92160K, used 68085K [0x0000000080000000, 0x0000000100000000)
  region size 1024K, 20 young (20480K), 3 survivors (3072K)
 Metaspace       used 51391K, capacity 52674K, committed 52732K, reserved 1095680K
  class space    used 6807K, capacity 7284K, committed 7296K, reserved 1048576K
}
Event: 18.378 GC heap after
{Heap after GC invocations=27 (full 0):
 garbage-first heap   total 92160K, used 51576K [0x0000000080000000, 0x0000000100000000)
  region size 1024K, 2 young (2048K), 2 survivors (2048K)
 Metaspace       used 51391K, capacity 52674K, committed 52732K, reserved 1095680K
  class space    used 6807K, capacity 7284K, committed 7296K, reserved 1048576K
}
Event: 19.256 GC heap before
{Heap before GC invocations=27 (full 0):
 garbage-first heap   total 92160K, used 74104K [0x0000000080000000, 0x0000000100000000)
  region size 1024K, 24 young (24576K), 2 survivors (2048K)
 Metaspace       used 53010K, capacity 54275K, committed 54524K, reserved 1095680K
  class space    used 7014K, capacity 7451K, committed 7552K, reserved 1048576K
}
Event: 19.262 GC heap after
{Heap after GC invocations=28 (full 0):
 garbage-first heap   total 92160K, used 53123K [0x0000000080000000, 0x0000000100000000)
  region size 1024K, 3 young (3072K), 3 survivors (3072K)
 Metaspace       used 53010K, capacity 54275K, committed 54524K, reserved 1095680K
  class space    used 7014K, capacity 7451K, committed 7552K, reserved 1048576K
}
Event: 19.721 GC heap before
{Heap before GC invocations=29 (full 0):
 garbage-first heap   total 97280K, used 73603K [0x0000000080000000, 0x0000000100000000)
  region size 1024K, 23 young (23552K), 3 survivors (3072K)
 Metaspace       used 53258K, capacity 54577K, committed 54780K, reserved 1097728K
  class space    used 7038K, capacity 7552K, committed 7552K, reserved 1048576K
}
Event: 19.730 GC heap after
{Heap after GC invocations=30 (full 0):
 garbage-first heap   total 97280K, used 56064K [0x0000000080000000, 0x0000000100000000)
  region size 1024K, 3 young (3072K), 3 survivors (3072K)
 Metaspace       used 53258K, capacity 54577K, committed 54780K, reserved 1097728K
  class space    used 7038K, capacity 7552K, committed 7552K, reserved 1048576K
}
Event: 20.703 GC heap before
{Heap before GC invocations=30 (full 0):
 garbage-first heap   total 97280K, used 78592K [0x0000000080000000, 0x0000000100000000)
  region size 1024K, 25 young (25600K), 3 survivors (3072K)
 Metaspace       used 56428K, capacity 57798K, committed 57852K, reserved 1099776K
  class space    used 7557K, capacity 8056K, committed 8064K, reserved 1048576K
}
Event: 20.711 GC heap after
{Heap after GC invocations=31 (full 0):
 garbage-first heap   total 97280K, used 57272K [0x0000000080000000, 0x0000000100000000)
  region size 1024K, 2 young (2048K), 2 survivors (2048K)
 Metaspace       used 56428K, capacity 57798K, committed 57852K, reserved 1099776K
  class space    used 7557K, capacity 8056K, committed 8064K, reserved 1048576K
}
Event: 21.507 GC heap before
{Heap before GC invocations=32 (full 0):
 garbage-first heap   total 102400K, used 78776K [0x0000000080000000, 0x0000000100000000)
  region size 1024K, 23 young (23552K), 2 survivors (2048K)
 Metaspace       used 58723K, capacity 60172K, committed 60412K, reserved 1101824K
  class space    used 7928K, capacity 8459K, committed 8576K, reserved 1048576K
}
Event: 21.513 GC heap after
{Heap after GC invocations=33 (full 0):
 garbage-first heap   total 122880K, used 58598K [0x0000000080000000, 0x0000000100000000)
  region size 1024K, 3 young (3072K), 3 survivors (3072K)
 Metaspace       used 58723K, capacity 60172K, committed 60412K, reserved 1101824K
  class space    used 7928K, capacity 8459K, committed 8576K, reserved 1048576K
}
Event: 23.288 GC heap before
{Heap before GC invocations=33 (full 0):
 garbage-first heap   total 122880K, used 99558K [0x0000000080000000, 0x0000000100000000)
  region size 1024K, 43 young (44032K), 3 survivors (3072K)
 Metaspace       used 62677K, capacity 64101K, committed 64252K, reserved 1103872K
  class space    used 8484K, capacity 8989K, committed 9088K, reserved 1048576K
}
Event: 23.300 GC heap after
{Heap after GC invocations=34 (full 0):
 garbage-first heap   total 122880K, used 60630K [0x0000000080000000, 0x0000000100000000)
  region size 1024K, 5 young (5120K), 5 survivors (5120K)
 Metaspace       used 62677K, capacity 64101K, committed 64252K, reserved 1103872K
  class space    used 8484K, capacity 8989K, committed 9088K, reserved 1048576K
}
Event: 25.540 GC heap before
{Heap before GC invocations=35 (full 0):
 garbage-first heap   total 122880K, used 100566K [0x0000000080000000, 0x0000000100000000)
  region size 1024K, 44 young (45056K), 5 survivors (5120K)
 Metaspace       used 65862K, capacity 67442K, committed 67580K, reserved 1107968K
  class space    used 8941K, capacity 9509K, committed 9600K, reserved 1048576K
}
Event: 25.553 GC heap after
{Heap after GC invocations=36 (full 0):
 garbage-first heap   total 122880K, used 63529K [0x0000000080000000, 0x0000000100000000)
  region size 1024K, 5 young (5120K), 5 survivors (5120K)
 Metaspace       used 65862K, capacity 67442K, committed 67580K, reserved 1107968K
  class space    used 8941K, capacity 9509K, committed 9600K, reserved 1048576K
}
Event: 27.465 GC heap before
{Heap before GC invocations=36 (full 0):
 garbage-first heap   total 122880K, used 101417K [0x0000000080000000, 0x0000000100000000)
  region size 1024K, 42 young (43008K), 5 survivors (5120K)
 Metaspace       used 68380K, capacity 70047K, committed 70268K, reserved 1110016K
  class space    used 9252K, capacity 9858K, committed 9984K, reserved 1048576K
}
Event: 27.487 GC heap after
{Heap after GC invocations=37 (full 0):
 garbage-first heap   total 122880K, used 67043K [0x0000000080000000, 0x0000000100000000)
  region size 1024K, 6 young (6144K), 6 survivors (6144K)
 Metaspace       used 68380K, capacity 70047K, committed 70268K, reserved 1110016K
  class space    used 9252K, capacity 9858K, committed 9984K, reserved 1048576K
}
Event: 29.014 GC heap before
{Heap before GC invocations=38 (full 0):
 garbage-first heap   total 122880K, used 100835K [0x0000000080000000, 0x0000000100000000)
  region size 1024K, 40 young (40960K), 6 survivors (6144K)
 Metaspace       used 68985K, capacity 70640K, committed 70780K, reserved 1110016K
  class space    used 9314K, capacity 9922K, committed 9984K, reserved 1048576K
}
Event: 29.028 GC heap after
{Heap after GC invocations=39 (full 0):
 garbage-first heap   total 122880K, used 70116K [0x0000000080000000, 0x0000000100000000)
  region size 1024K, 3 young (3072K), 3 survivors (3072K)
 Metaspace       used 68985K, capacity 70640K, committed 70780K, reserved 1110016K
  class space    used 9314K, capacity 9922K, committed 9984K, reserved 1048576K
}
Event: 29.890 GC heap before
{Heap before GC invocations=39 (full 0):
 garbage-first heap   total 122880K, used 100836K [0x0000000080000000, 0x0000000100000000)
  region size 1024K, 34 young (34816K), 3 survivors (3072K)
 Metaspace       used 69260K, capacity 70977K, committed 71036K, reserved 1110016K
  class space    used 9320K, capacity 9959K, committed 9984K, reserved 1048576K
}

